<?xml version="1.0" encoding="UTF-8"?>
<testsuite xmlns:xsi="http://www.w3.org/2001/XMLSchema-instance" xsi:noNamespaceSchemaLocation="https://maven.apache.org/surefire/maven-surefire-plugin/xsd/surefire-test-report.xsd" name="com.bjsouth.flooring.service.FMServiceImplTest" time="0.886" tests="22" errors="3" skipped="0" failures="2">
  <properties>
[...]
</properties>
  <testcase name="validateOverMinAreaTest" classname="com.bjsouth.flooring.service.FMServiceImplTest" time="0.022"/>
  <testcase name="getOrdersBy04082019Date" classname="com.bjsouth.flooring.service.FMServiceImplTest" time="0.016">
    <failure message="The order in this list should be order A ==&gt; expected: &lt;true&gt; but was: &lt;false&gt;" type="org.opentest4j.AssertionFailedError"><![CDATA[org.opentest4j.AssertionFailedError: The order in this list should be order A ==> expected: <true> but was: <false>
	at com.bjsouth.flooring.service.FMServiceImplTest.getOrdersBy04082019Date(FMServiceImplTest.java:52)
]]></failure>
    <system-err><![CDATA[Sep 19, 2019 9:21:24 PM org.springframework.context.support.ClassPathXmlApplicationContext prepareRefresh
INFO: Refreshing org.springframework.context.support.ClassPathXmlApplicationContext@a68f4f: startup date [Thu Sep 19 21:21:24 EDT 2019]; root of context hierarchy
Sep 19, 2019 9:21:24 PM org.springframework.beans.factory.xml.XmlBeanDefinitionReader loadBeanDefinitions
INFO: Loading XML bean definitions from class path resource [TestApplicationContext.xml]
]]></system-err>
  </testcase>
  <testcase name="validatePastDatePropertyTest" classname="com.bjsouth.flooring.service.FMServiceImplTest" time="0"/>
  <testcase name="validateCorrectStateATest" classname="com.bjsouth.flooring.service.FMServiceImplTest" time="0"/>
  <testcase name="validateCorrectStateBTest" classname="com.bjsouth.flooring.service.FMServiceImplTest" time="0"/>
  <testcase name="validateFakeDateTest" classname="com.bjsouth.flooring.service.FMServiceImplTest" time="0"/>
  <testcase name="validateCorrectProductsTest" classname="com.bjsouth.flooring.service.FMServiceImplTest" time="0"/>
  <testcase name="orderForDateNotFoundTest" classname="com.bjsouth.flooring.service.FMServiceImplTest" time="0"/>
  <testcase name="calculateOrderCTotalTest" classname="com.bjsouth.flooring.service.FMServiceImplTest" time="0">
    <error type="java.lang.NullPointerException">java.lang.NullPointerException
	at com.bjsouth.flooring.service.FMServiceImplTest.calculateOrderCTotalTest(FMServiceImplTest.java:124)
</error>
    <system-err><![CDATA[Sep 19, 2019 9:21:24 PM org.springframework.context.support.ClassPathXmlApplicationContext prepareRefresh
INFO: Refreshing org.springframework.context.support.ClassPathXmlApplicationContext@10dca52: startup date [Thu Sep 19 21:21:24 EDT 2019]; root of context hierarchy
Sep 19, 2019 9:21:24 PM org.springframework.beans.factory.xml.XmlBeanDefinitionReader loadBeanDefinitions
INFO: Loading XML bean definitions from class path resource [TestApplicationContext.xml]
]]></system-err>
  </testcase>
  <testcase name="validateCorrectCustomerNameTest" classname="com.bjsouth.flooring.service.FMServiceImplTest" time="0"/>
  <testcase name="validateIncorrectProductTest" classname="com.bjsouth.flooring.service.FMServiceImplTest" time="0"/>
  <testcase name="calculateOrderBTotalTest" classname="com.bjsouth.flooring.service.FMServiceImplTest" time="0">
    <error type="java.lang.NullPointerException">java.lang.NullPointerException
	at com.bjsouth.flooring.service.FMServiceImplTest.calculateOrderBTotalTest(FMServiceImplTest.java:98)
</error>
    <system-err><![CDATA[Sep 19, 2019 9:21:24 PM org.springframework.context.support.ClassPathXmlApplicationContext prepareRefresh
INFO: Refreshing org.springframework.context.support.ClassPathXmlApplicationContext@4c5de8: startup date [Thu Sep 19 21:21:24 EDT 2019]; root of context hierarchy
Sep 19, 2019 9:21:24 PM org.springframework.beans.factory.xml.XmlBeanDefinitionReader loadBeanDefinitions
INFO: Loading XML bean definitions from class path resource [TestApplicationContext.xml]
]]></system-err>
  </testcase>
  <testcase name="calculateOrderATotalTest" classname="com.bjsouth.flooring.service.FMServiceImplTest" time="0">
    <error type="java.lang.NullPointerException">java.lang.NullPointerException
	at com.bjsouth.flooring.service.FMServiceImplTest.calculateOrderATotalTest(FMServiceImplTest.java:72)
</error>
    <system-err><![CDATA[Sep 19, 2019 9:21:24 PM org.springframework.context.support.ClassPathXmlApplicationContext prepareRefresh
INFO: Refreshing org.springframework.context.support.ClassPathXmlApplicationContext@b19518: startup date [Thu Sep 19 21:21:24 EDT 2019]; root of context hierarchy
Sep 19, 2019 9:21:24 PM org.springframework.beans.factory.xml.XmlBeanDefinitionReader loadBeanDefinitions
INFO: Loading XML bean definitions from class path resource [TestApplicationContext.xml]
]]></system-err>
  </testcase>
  <testcase name="validatePresentDatePropertyTest" classname="com.bjsouth.flooring.service.FMServiceImplTest" time="0"/>
  <testcase name="validateRealDateTest" classname="com.bjsouth.flooring.service.FMServiceImplTest" time="0"/>
  <testcase name="validateUnderMinAreaTest" classname="com.bjsouth.flooring.service.FMServiceImplTest" time="0"/>
  <testcase name="validateIncorrectStateTest" classname="com.bjsouth.flooring.service.FMServiceImplTest" time="0"/>
  <testcase name="validateAtMinAreaTest" classname="com.bjsouth.flooring.service.FMServiceImplTest" time="0"/>
  <testcase name="getOrdersBy11192019Date" classname="com.bjsouth.flooring.service.FMServiceImplTest" time="0">
    <failure message="Order B should be in this list ==&gt; expected: &lt;true&gt; but was: &lt;false&gt;" type="org.opentest4j.AssertionFailedError"><![CDATA[org.opentest4j.AssertionFailedError: Order B should be in this list ==> expected: <true> but was: <false>
	at com.bjsouth.flooring.service.FMServiceImplTest.getOrdersBy11192019Date(FMServiceImplTest.java:64)
]]></failure>
    <system-err><![CDATA[Sep 19, 2019 9:21:25 PM org.springframework.context.support.ClassPathXmlApplicationContext prepareRefresh
INFO: Refreshing org.springframework.context.support.ClassPathXmlApplicationContext@1052337: startup date [Thu Sep 19 21:21:25 EDT 2019]; root of context hierarchy
Sep 19, 2019 9:21:25 PM org.springframework.beans.factory.xml.XmlBeanDefinitionReader loadBeanDefinitions
INFO: Loading XML bean definitions from class path resource [TestApplicationContext.xml]
]]></system-err>
  </testcase>
  <testcase name="validateFutureDatePropertyTest" classname="com.bjsouth.flooring.service.FMServiceImplTest" time="0"/>
  <testcase name="validateIncorrectCustomerNameTest" classname="com.bjsouth.flooring.service.FMServiceImplTest" time="0"/>
  <testcase name="getNextOrderNumberTest" classname="com.bjsouth.flooring.service.FMServiceImplTest" time="0"/>
</testsuite>