<?xml version="1.0" encoding="UTF-8"?>
<testsuite xmlns:xsi="http://www.w3.org/2001/XMLSchema-instance" xsi:noNamespaceSchemaLocation="https://maven.apache.org/surefire/maven-surefire-plugin/xsd/surefire-test-report.xsd" name="com.bjsouth.flooring.dao.OrderDAOTest" time="0" tests="4" errors="0" skipped="0" failures="0">
  <properties>
[...]
</properties>
  <testcase name="addTwoGetAllTest" classname="com.bjsouth.flooring.dao.OrderDAOTest" time="0"/>
  <testcase name="addOneGetOneTest" classname="com.bjsouth.flooring.dao.OrderDAOTest" time="0"/>
  <testcase name="addEditTest" classname="com.bjsouth.flooring.dao.OrderDAOTest" time="0"/>
  <testcase name="addRemoveTest" classname="com.bjsouth.flooring.dao.OrderDAOTest" time="0"/>
</testsuite>